<?xml version="1.0" encoding="UTF-8"?>
<!-- Generated by org.testng.reporters.JUnitReportReporter -->
<testsuite hostname="DESKTOP-2FJ1KJ4" failures="0" tests="1" name="com.amazon.runner.HomepageTest" time="9.514" errors="0" timestamp="2021-08-24T13:12:07 IST" skipped="0">
  <testcase classname="com.amazon.runner.HomepageTest" name="Homepagesearch" time="9.514"/>
  <system-out/>
</testsuite> <!-- com.amazon.runner.HomepageTest -->
