<?xml version="1.0" encoding="UTF-8"?>
<!-- Generated by org.testng.reporters.JUnitReportReporter -->
<testsuite hostname="Harish" failures="0" tests="4" name="com.amazon.runner.DataDrivenSearchAmazon" time="63.665" errors="0" timestamp="2021-09-08T17:46:54 IST" skipped="0">
  <testcase classname="com.amazon.runner.DataDrivenSearchAmazon" name="SearchAmazon" time="25.054"/>
  <system-out/>
  <testcase classname="com.amazon.runner.DataDrivenSearchAmazon" name="SearchAmazon" time="13.808"/>
  <system-out/>
  <testcase classname="com.amazon.runner.DataDrivenSearchAmazon" name="SearchAmazon" time="11.592"/>
  <system-out/>
  <testcase classname="com.amazon.runner.DataDrivenSearchAmazon" name="SearchAmazon" time="13.211"/>
  <system-out/>
</testsuite> <!-- com.amazon.runner.DataDrivenSearchAmazon -->
