<?xml version="1.0" encoding="UTF-8"?>
<!-- Generated by org.testng.reporters.JUnitReportReporter -->
<testsuite hostname="Harish" failures="0" tests="4" name="com.amazon.runner.DataDrivenSearchAmazon" time="58.923" errors="0" timestamp="2021-09-08T20:35:53 IST" skipped="0">
  <testcase classname="com.amazon.runner.DataDrivenSearchAmazon" name="SearchAmazon" time="16.403"/>
  <system-out/>
  <testcase classname="com.amazon.runner.DataDrivenSearchAmazon" name="SearchAmazon" time="15.133"/>
  <system-out/>
  <testcase classname="com.amazon.runner.DataDrivenSearchAmazon" name="SearchAmazon" time="10.665"/>
  <system-out/>
  <testcase classname="com.amazon.runner.DataDrivenSearchAmazon" name="SearchAmazon" time="16.722"/>
  <system-out/>
</testsuite> <!-- com.amazon.runner.DataDrivenSearchAmazon -->
