<?xml version="1.0" encoding="UTF-8"?>
<!-- Generated by org.testng.reporters.JUnitReportReporter -->
<testsuite hostname="Harish" failures="0" tests="4" name="com.amazon.runner.DataDrivenSearchAmazon" time="55.897" errors="0" timestamp="2021-09-08T20:26:55 IST" skipped="0">
  <testcase classname="com.amazon.runner.DataDrivenSearchAmazon" name="SearchAmazon" time="14.934"/>
  <system-out/>
  <testcase classname="com.amazon.runner.DataDrivenSearchAmazon" name="SearchAmazon" time="15.447"/>
  <system-out/>
  <testcase classname="com.amazon.runner.DataDrivenSearchAmazon" name="SearchAmazon" time="11.759"/>
  <system-out/>
  <testcase classname="com.amazon.runner.DataDrivenSearchAmazon" name="SearchAmazon" time="13.757"/>
  <system-out/>
</testsuite> <!-- com.amazon.runner.DataDrivenSearchAmazon -->
